# JRE version: Java(TM) SE Runtime Environment (8.0_144-b01) (build 1.8.0_144-b01)
# Java VM: Java HotSpot(TM) 64-Bit Server VM (25.144-b01 mixed mode windows-amd64 compressed oops)
Heap:
 PSYoungGen      total 674816K, used 595749K [0x00000000d5980000, 0x00000000ffe00000, 0x0000000100000000)
  eden space 658944K, 89% used [0x00000000d5980000,0x00000000f96fd5d8,0x00000000fdd00000)
  from space 15872K, 53% used [0x00000000fee80000,0x00000000ff6cc060,0x00000000ffe00000)
  to   space 16896K, 0% used [0x00000000fdd00000,0x00000000fdd00000,0x00000000fed80000)
 ParOldGen       total 472064K, used 274044K [0x0000000080c00000, 0x000000009d900000, 0x00000000d5980000)
  object space 472064K, 58% used [0x0000000080c00000,0x000000009179f178,0x000000009d900000)
 Metaspace       used 44472K, capacity 45168K, committed 45400K, reserved 1089536K
  class space    used 5795K, capacity 5961K, committed 6016K, reserved 1048576K
GC Heap History (10 events):
Event: 757.969 GC heap before
{Heap before GC invocations=114 (full 6):
 PSYoungGen      total 671744K, used 655552K [0x00000000d5980000, 0x00000000fff00000, 0x0000000100000000)
  eden space 650240K, 100% used [0x00000000d5980000,0x00000000fd480000,0x00000000fd480000)
  from space 21504K, 24% used [0x00000000fd480000,0x00000000fd9b0020,0x00000000fe980000)
  to   space 20480K, 0% used [0x00000000feb00000,0x00000000feb00000,0x00000000fff00000)
 ParOldGen       total 472064K, used 274028K [0x0000000080c00000, 0x000000009d900000, 0x00000000d5980000)
  object space 472064K, 58% used [0x0000000080c00000,0x000000009179b178,0x000000009d900000)
 Metaspace       used 44458K, capacity 45168K, committed 45400K, reserved 1089536K
  class space    used 5795K, capacity 5961K, committed 6016K, reserved 1048576K
Event: 757.981 GC heap after
Heap after GC invocations=114 (full 6):
 PSYoungGen      total 672256K, used 9376K [0x00000000d5980000, 0x00000000ffe00000, 0x0000000100000000)
  eden space 652800K, 0% used [0x00000000d5980000,0x00000000d5980000,0x00000000fd700000)
  from space 19456K, 48% used [0x00000000feb00000,0x00000000ff428070,0x00000000ffe00000)
  to   space 19968K, 0% used [0x00000000fd700000,0x00000000fd700000,0x00000000fea80000)
 ParOldGen       total 472064K, used 274028K [0x0000000080c00000, 0x000000009d900000, 0x00000000d5980000)
  object space 472064K, 58% used [0x0000000080c00000,0x000000009179b178,0x000000009d900000)
 Metaspace       used 44458K, capacity 45168K, committed 45400K, reserved 1089536K
  class space    used 5795K, capacity 5961K, committed 6016K, reserved 1048576K
}
Event: 763.175 GC heap before
{Heap before GC invocations=115 (full 6):
 PSYoungGen      total 672256K, used 662176K [0x00000000d5980000, 0x00000000ffe00000, 0x0000000100000000)
  eden space 652800K, 100% used [0x00000000d5980000,0x00000000fd700000,0x00000000fd700000)
  from space 19456K, 48% used [0x00000000feb00000,0x00000000ff428070,0x00000000ffe00000)
  to   space 19968K, 0% used [0x00000000fd700000,0x00000000fd700000,0x00000000fea80000)
 ParOldGen       total 472064K, used 274028K [0x0000000080c00000, 0x000000009d900000, 0x00000000d5980000)
  object space 472064K, 58% used [0x0000000080c00000,0x000000009179b178,0x000000009d900000)
 Metaspace       used 44458K, capacity 45168K, committed 45400K, reserved 1089536K
  class space    used 5795K, capacity 5961K, committed 6016K, reserved 1048576K
Event: 763.187 GC heap after
Heap after GC invocations=115 (full 6):
 PSYoungGen      total 672768K, used 8800K [0x00000000d5980000, 0x00000000ffe80000, 0x0000000100000000)
  eden space 652800K, 0% used [0x00000000d5980000,0x00000000d5980000,0x00000000fd700000)
  from space 19968K, 44% used [0x00000000fd700000,0x00000000fdf98050,0x00000000fea80000)
  to   space 18944K, 0% used [0x00000000fec00000,0x00000000fec00000,0x00000000ffe80000)
 ParOldGen       total 472064K, used 274036K [0x0000000080c00000, 0x000000009d900000, 0x00000000d5980000)
  object space 472064K, 58% used [0x0000000080c00000,0x000000009179d178,0x000000009d900000)
 Metaspace       used 44458K, capacity 45168K, committed 45400K, reserved 1089536K
  class space    used 5795K, capacity 5961K, committed 6016K, reserved 1048576K
}
Event: 768.173 GC heap before
{Heap before GC invocations=116 (full 6):
 PSYoungGen      total 672768K, used 661600K [0x00000000d5980000, 0x00000000ffe80000, 0x0000000100000000)
  eden space 652800K, 100% used [0x00000000d5980000,0x00000000fd700000,0x00000000fd700000)
  from space 19968K, 44% used [0x00000000fd700000,0x00000000fdf98050,0x00000000fea80000)
  to   space 18944K, 0% used [0x00000000fec00000,0x00000000fec00000,0x00000000ffe80000)
 ParOldGen       total 472064K, used 274036K [0x0000000080c00000, 0x000000009d900000, 0x00000000d5980000)
  object space 472064K, 58% used [0x0000000080c00000,0x000000009179d178,0x000000009d900000)
 Metaspace       used 44458K, capacity 45168K, committed 45400K, reserved 1089536K
  class space    used 5795K, capacity 5961K, committed 6016K, reserved 1048576K
Event: 768.203 GC heap after
Heap after GC invocations=116 (full 6):
 PSYoungGen      total 673280K, used 8912K [0x00000000d5980000, 0x00000000ffd00000, 0x0000000100000000)
  eden space 655872K, 0% used [0x00000000d5980000,0x00000000d5980000,0x00000000fda00000)
  from space 17408K, 51% used [0x00000000fec00000,0x00000000ff4b4050,0x00000000ffd00000)
  to   space 17920K, 0% used [0x00000000fda00000,0x00000000fda00000,0x00000000feb80000)
 ParOldGen       total 472064K, used 274036K [0x0000000080c00000, 0x000000009d900000, 0x00000000d5980000)
  object space 472064K, 58% used [0x0000000080c00000,0x000000009179d178,0x000000009d900000)
 Metaspace       used 44458K, capacity 45168K, committed 45400K, reserved 1089536K
  class space    used 5795K, capacity 5961K, committed 6016K, reserved 1048576K
}
Event: 772.476 GC heap before
{Heap before GC invocations=117 (full 6):
 PSYoungGen      total 673280K, used 664784K [0x00000000d5980000, 0x00000000ffd00000, 0x0000000100000000)
  eden space 655872K, 100% used [0x00000000d5980000,0x00000000fda00000,0x00000000fda00000)
  from space 17408K, 51% used [0x00000000fec00000,0x00000000ff4b4050,0x00000000ffd00000)
  to   space 17920K, 0% used [0x00000000fda00000,0x00000000fda00000,0x00000000feb80000)
 ParOldGen       total 472064K, used 274036K [0x0000000080c00000, 0x000000009d900000, 0x00000000d5980000)
  object space 472064K, 58% used [0x0000000080c00000,0x000000009179d178,0x000000009d900000)
 Metaspace       used 44458K, capacity 45168K, committed 45400K, reserved 1089536K
  class space    used 5795K, capacity 5961K, committed 6016K, reserved 1048576K
Event: 772.485 GC heap after
Heap after GC invocations=117 (full 6):
 PSYoungGen      total 673792K, used 4288K [0x00000000d5980000, 0x0000000100000000, 0x0000000100000000)
  eden space 655872K, 0% used [0x00000000d5980000,0x00000000d5980000,0x00000000fda00000)
  from space 17920K, 23% used [0x00000000fda00000,0x00000000fde30020,0x00000000feb80000)
  to   space 17920K, 0% used [0x00000000fee80000,0x00000000fee80000,0x0000000100000000)
 ParOldGen       total 472064K, used 274044K [0x0000000080c00000, 0x000000009d900000, 0x00000000d5980000)
  object space 472064K, 58% used [0x0000000080c00000,0x000000009179f178,0x000000009d900000)
 Metaspace       used 44458K, capacity 45168K, committed 45400K, reserved 1089536K
  class space    used 5795K, capacity 5961K, committed 6016K, reserved 1048576K
}
Event: 777.545 GC heap before
{Heap before GC invocations=118 (full 6):
 PSYoungGen      total 673792K, used 660160K [0x00000000d5980000, 0x0000000100000000, 0x0000000100000000)
  eden space 655872K, 100% used [0x00000000d5980000,0x00000000fda00000,0x00000000fda00000)
  from space 17920K, 23% used [0x00000000fda00000,0x00000000fde30020,0x00000000feb80000)
  to   space 17920K, 0% used [0x00000000fee80000,0x00000000fee80000,0x0000000100000000)
 ParOldGen       total 472064K, used 274044K [0x0000000080c00000, 0x000000009d900000, 0x00000000d5980000)
  object space 472064K, 58% used [0x0000000080c00000,0x000000009179f178,0x000000009d900000)
 Metaspace       used 44458K, capacity 45168K, committed 45400K, reserved 1089536K
  class space    used 5795K, capacity 5961K, committed 6016K, reserved 1048576K
Event: 777.557 GC heap after
Heap after GC invocations=118 (full 6):
 PSYoungGen      total 674816K, used 8496K [0x00000000d5980000, 0x00000000ffe00000, 0x0000000100000000)
  eden space 658944K, 0% used [0x00000000d5980000,0x00000000d5980000,0x00000000fdd00000)
  from space 15872K, 53% used [0x00000000fee80000,0x00000000ff6cc060,0x00000000ffe00000)
  to   space 16896K, 0% used [0x00000000fdd00000,0x00000000fdd00000,0x00000000fed80000)
 ParOldGen       total 472064K, used 274044K [0x0000000080c00000, 0x000000009d900000, 0x00000000d5980000)
  object space 472064K, 58% used [0x0000000080c00000,0x000000009179f178,0x000000009d900000)
 Metaspace       used 44458K, capacity 45168K, committed 45400K, reserved 1089536K
  class space    used 5795K, capacity 5961K, committed 6016K, reserved 1048576K
}

