# JRE version: Java(TM) SE Runtime Environment (8.0_144-b01) (build 1.8.0_144-b01)
# Java VM: Java HotSpot(TM) 64-Bit Server VM (25.144-b01 mixed mode windows-amd64 compressed oops)
Heap:
 PSYoungGen      total 104448K, used 10473K [0x00000000d5980000, 0x00000000dd380000, 0x0000000100000000)
  eden space 103424K, 9% used [0x00000000d5980000,0x00000000d632a628,0x00000000dbe80000)
  from space 1024K, 56% used [0x00000000dd280000,0x00000000dd310000,0x00000000dd380000)
  to   space 1024K, 0% used [0x00000000dd180000,0x00000000dd180000,0x00000000dd280000)
 ParOldGen       total 592896K, used 343216K [0x0000000080c00000, 0x00000000a4f00000, 0x00000000d5980000)
  object space 592896K, 57% used [0x0000000080c00000,0x0000000095b2c2e8,0x00000000a4f00000)
 Metaspace       used 44110K, capacity 44630K, committed 45016K, reserved 1089536K
  class space    used 5728K, capacity 5844K, committed 5888K, reserved 1048576K
GC Heap History (10 events):
Event: 8367.767 GC heap before
{Heap before GC invocations=2470 (full 8):
 PSYoungGen      total 112128K, used 111552K [0x00000000d5980000, 0x00000000dd400000, 0x0000000100000000)
  eden space 111104K, 100% used [0x00000000d5980000,0x00000000dc600000,0x00000000dc600000)
  from space 1024K, 43% used [0x00000000dc600000,0x00000000dc670000,0x00000000dc700000)
  to   space 1024K, 0% used [0x00000000dd300000,0x00000000dd300000,0x00000000dd400000)
 ParOldGen       total 592896K, used 343208K [0x0000000080c00000, 0x00000000a4f00000, 0x00000000d5980000)
  object space 592896K, 57% used [0x0000000080c00000,0x0000000095b2a2e8,0x00000000a4f00000)
 Metaspace       used 44110K, capacity 44630K, committed 45016K, reserved 1089536K
  class space    used 5728K, capacity 5844K, committed 5888K, reserved 1048576K
Event: 8367.769 GC heap after
Heap after GC invocations=2470 (full 8):
 PSYoungGen      total 110592K, used 928K [0x00000000d5980000, 0x00000000dd400000, 0x0000000100000000)
  eden space 109568K, 0% used [0x00000000d5980000,0x00000000d5980000,0x00000000dc480000)
  from space 1024K, 90% used [0x00000000dd300000,0x00000000dd3e8000,0x00000000dd400000)
  to   space 1024K, 0% used [0x00000000dd200000,0x00000000dd200000,0x00000000dd300000)
 ParOldGen       total 592896K, used 343208K [0x0000000080c00000, 0x00000000a4f00000, 0x00000000d5980000)
  object space 592896K, 57% used [0x0000000080c00000,0x0000000095b2a2e8,0x00000000a4f00000)
 Metaspace       used 44110K, capacity 44630K, committed 45016K, reserved 1089536K
  class space    used 5728K, capacity 5844K, committed 5888K, reserved 1048576K
}
Event: 8369.428 GC heap before
{Heap before GC invocations=2471 (full 8):
 PSYoungGen      total 110592K, used 110496K [0x00000000d5980000, 0x00000000dd400000, 0x0000000100000000)
  eden space 109568K, 100% used [0x00000000d5980000,0x00000000dc480000,0x00000000dc480000)
  from space 1024K, 90% used [0x00000000dd300000,0x00000000dd3e8000,0x00000000dd400000)
  to   space 1024K, 0% used [0x00000000dd200000,0x00000000dd200000,0x00000000dd300000)
 ParOldGen       total 592896K, used 343208K [0x0000000080c00000, 0x00000000a4f00000, 0x00000000d5980000)
  object space 592896K, 57% used [0x0000000080c00000,0x0000000095b2a2e8,0x00000000a4f00000)
 Metaspace       used 44110K, capacity 44630K, committed 45016K, reserved 1089536K
  class space    used 5728K, capacity 5844K, committed 5888K, reserved 1048576K
Event: 8369.430 GC heap after
Heap after GC invocations=2471 (full 8):
 PSYoungGen      total 109056K, used 928K [0x00000000d5980000, 0x00000000dd380000, 0x0000000100000000)
  eden space 108032K, 0% used [0x00000000d5980000,0x00000000d5980000,0x00000000dc300000)
  from space 1024K, 90% used [0x00000000dd200000,0x00000000dd2e8000,0x00000000dd300000)
  to   space 512K, 0% used [0x00000000dd300000,0x00000000dd300000,0x00000000dd380000)
 ParOldGen       total 592896K, used 343208K [0x0000000080c00000, 0x00000000a4f00000, 0x00000000d5980000)
  object space 592896K, 57% used [0x0000000080c00000,0x0000000095b2a2e8,0x00000000a4f00000)
 Metaspace       used 44110K, capacity 44630K, committed 45016K, reserved 1089536K
  class space    used 5728K, capacity 5844K, committed 5888K, reserved 1048576K
}
Event: 8371.100 GC heap before
{Heap before GC invocations=2472 (full 8):
 PSYoungGen      total 109056K, used 108960K [0x00000000d5980000, 0x00000000dd380000, 0x0000000100000000)
  eden space 108032K, 100% used [0x00000000d5980000,0x00000000dc300000,0x00000000dc300000)
  from space 1024K, 90% used [0x00000000dd200000,0x00000000dd2e8000,0x00000000dd300000)
  to   space 512K, 0% used [0x00000000dd300000,0x00000000dd300000,0x00000000dd380000)
 ParOldGen       total 592896K, used 343208K [0x0000000080c00000, 0x00000000a4f00000, 0x00000000d5980000)
  object space 592896K, 57% used [0x0000000080c00000,0x0000000095b2a2e8,0x00000000a4f00000)
 Metaspace       used 44110K, capacity 44630K, committed 45016K, reserved 1089536K
  class space    used 5728K, capacity 5844K, committed 5888K, reserved 1048576K
Event: 8371.103 GC heap after
Heap after GC invocations=2472 (full 8):
 PSYoungGen      total 107008K, used 512K [0x00000000d5980000, 0x00000000dd380000, 0x0000000100000000)
  eden space 106496K, 0% used [0x00000000d5980000,0x00000000d5980000,0x00000000dc180000)
  from space 512K, 100% used [0x00000000dd300000,0x00000000dd380000,0x00000000dd380000)
  to   space 1024K, 0% used [0x00000000dd180000,0x00000000dd180000,0x00000000dd280000)
 ParOldGen       total 592896K, used 343216K [0x0000000080c00000, 0x00000000a4f00000, 0x00000000d5980000)
  object space 592896K, 57% used [0x0000000080c00000,0x0000000095b2c2e8,0x00000000a4f00000)
 Metaspace       used 44110K, capacity 44630K, committed 45016K, reserved 1089536K
  class space    used 5728K, capacity 5844K, committed 5888K, reserved 1048576K
}
Event: 8372.500 GC heap before
{Heap before GC invocations=2473 (full 8):
 PSYoungGen      total 107008K, used 107008K [0x00000000d5980000, 0x00000000dd380000, 0x0000000100000000)
  eden space 106496K, 100% used [0x00000000d5980000,0x00000000dc180000,0x00000000dc180000)
  from space 512K, 100% used [0x00000000dd300000,0x00000000dd380000,0x00000000dd380000)
  to   space 1024K, 0% used [0x00000000dd180000,0x00000000dd180000,0x00000000dd280000)
 ParOldGen       total 592896K, used 343216K [0x0000000080c00000, 0x00000000a4f00000, 0x00000000d5980000)
  object space 592896K, 57% used [0x0000000080c00000,0x0000000095b2c2e8,0x00000000a4f00000)
 Metaspace       used 44110K, capacity 44630K, committed 45016K, reserved 1089536K
  class space    used 5728K, capacity 5844K, committed 5888K, reserved 1048576K
Event: 8372.503 GC heap after
Heap after GC invocations=2473 (full 8):
 PSYoungGen      total 105984K, used 512K [0x00000000d5980000, 0x00000000dd380000, 0x0000000100000000)
  eden space 104960K, 0% used [0x00000000d5980000,0x00000000d5980000,0x00000000dc000000)
  from space 1024K, 50% used [0x00000000dd180000,0x00000000dd200000,0x00000000dd280000)
  to   space 1024K, 0% used [0x00000000dd280000,0x00000000dd280000,0x00000000dd380000)
 ParOldGen       total 592896K, used 343216K [0x0000000080c00000, 0x00000000a4f00000, 0x00000000d5980000)
  object space 592896K, 57% used [0x0000000080c00000,0x0000000095b2c2e8,0x00000000a4f00000)
 Metaspace       used 44110K, capacity 44630K, committed 45016K, reserved 1089536K
  class space    used 5728K, capacity 5844K, committed 5888K, reserved 1048576K
}
Event: 8374.441 GC heap before
{Heap before GC invocations=2474 (full 8):
 PSYoungGen      total 105984K, used 105472K [0x00000000d5980000, 0x00000000dd380000, 0x0000000100000000)
  eden space 104960K, 100% used [0x00000000d5980000,0x00000000dc000000,0x00000000dc000000)
  from space 1024K, 50% used [0x00000000dd180000,0x00000000dd200000,0x00000000dd280000)
  to   space 1024K, 0% used [0x00000000dd280000,0x00000000dd280000,0x00000000dd380000)
 ParOldGen       total 592896K, used 343216K [0x0000000080c00000, 0x00000000a4f00000, 0x00000000d5980000)
  object space 592896K, 57% used [0x0000000080c00000,0x0000000095b2c2e8,0x00000000a4f00000)
 Metaspace       used 44110K, capacity 44630K, committed 45016K, reserved 1089536K
  class space    used 5728K, capacity 5844K, committed 5888K, reserved 1048576K
Event: 8374.445 GC heap after
Heap after GC invocations=2474 (full 8):
 PSYoungGen      total 104448K, used 576K [0x00000000d5980000, 0x00000000dd380000, 0x0000000100000000)
  eden space 103424K, 0% used [0x00000000d5980000,0x00000000d5980000,0x00000000dbe80000)
  from space 1024K, 56% used [0x00000000dd280000,0x00000000dd310000,0x00000000dd380000)
  to   space 1024K, 0% used [0x00000000dd180000,0x00000000dd180000,0x00000000dd280000)
 ParOldGen       total 592896K, used 343216K [0x0000000080c00000, 0x00000000a4f00000, 0x00000000d5980000)
  object space 592896K, 57% used [0x0000000080c00000,0x0000000095b2c2e8,0x00000000a4f00000)
 Metaspace       used 44110K, capacity 44630K, committed 45016K, reserved 1089536K
  class space    used 5728K, capacity 5844K, committed 5888K, reserved 1048576K
}

