# JRE version: Java(TM) SE Runtime Environment (8.0_144-b01) (build 1.8.0_144-b01)
# Java VM: Java HotSpot(TM) 64-Bit Server VM (25.144-b01 mixed mode windows-amd64 compressed oops)
Heap:
 PSYoungGen      total 613888K, used 566143K [0x00000000d5980000, 0x00000000fbe00000, 0x0000000100000000)
  eden space 602112K, 93% used [0x00000000d5980000,0x00000000f816fe30,0x00000000fa580000)
  from space 11776K, 8% used [0x00000000fa580000,0x00000000fa670000,0x00000000fb100000)
  to   space 10752K, 0% used [0x00000000fb380000,0x00000000fb380000,0x00000000fbe00000)
 ParOldGen       total 521728K, used 177634K [0x0000000080c00000, 0x00000000a0980000, 0x00000000d5980000)
  object space 521728K, 34% used [0x0000000080c00000,0x000000008b978ba0,0x00000000a0980000)
 Metaspace       used 44152K, capacity 44696K, committed 45016K, reserved 1089536K
  class space    used 5731K, capacity 5845K, committed 5888K, reserved 1048576K
GC Heap History (10 events):
Event: 5317.668 GC heap before
{Heap before GC invocations=469 (full 6):
 PSYoungGen      total 609792K, used 594464K [0x00000000d5980000, 0x00000000fbc80000, 0x0000000100000000)
  eden space 593920K, 100% used [0x00000000d5980000,0x00000000f9d80000,0x00000000f9d80000)
  from space 15872K, 3% used [0x00000000fad00000,0x00000000fad88000,0x00000000fbc80000)
  to   space 15872K, 0% used [0x00000000f9d80000,0x00000000f9d80000,0x00000000fad00000)
 ParOldGen       total 521728K, used 177626K [0x0000000080c00000, 0x00000000a0980000, 0x00000000d5980000)
  object space 521728K, 34% used [0x0000000080c00000,0x000000008b976ba0,0x00000000a0980000)
 Metaspace       used 44152K, capacity 44696K, committed 45016K, reserved 1089536K
  class space    used 5731K, capacity 5845K, committed 5888K, reserved 1048576K
Event: 5317.670 GC heap after
Heap after GC invocations=469 (full 6):
 PSYoungGen      total 609792K, used 480K [0x00000000d5980000, 0x00000000fbd80000, 0x0000000100000000)
  eden space 593920K, 0% used [0x00000000d5980000,0x00000000d5980000,0x00000000f9d80000)
  from space 15872K, 3% used [0x00000000f9d80000,0x00000000f9df8000,0x00000000fad00000)
  to   space 14848K, 0% used [0x00000000faf00000,0x00000000faf00000,0x00000000fbd80000)
 ParOldGen       total 521728K, used 177626K [0x0000000080c00000, 0x00000000a0980000, 0x00000000d5980000)
  object space 521728K, 34% used [0x0000000080c00000,0x000000008b976ba0,0x00000000a0980000)
 Metaspace       used 44152K, capacity 44696K, committed 45016K, reserved 1089536K
  class space    used 5731K, capacity 5845K, committed 5888K, reserved 1048576K
}
Event: 5336.497 GC heap before
{Heap before GC invocations=470 (full 6):
 PSYoungGen      total 609792K, used 594400K [0x00000000d5980000, 0x00000000fbd80000, 0x0000000100000000)
  eden space 593920K, 100% used [0x00000000d5980000,0x00000000f9d80000,0x00000000f9d80000)
  from space 15872K, 3% used [0x00000000f9d80000,0x00000000f9df8000,0x00000000fad00000)
  to   space 14848K, 0% used [0x00000000faf00000,0x00000000faf00000,0x00000000fbd80000)
 ParOldGen       total 521728K, used 177626K [0x0000000080c00000, 0x00000000a0980000, 0x00000000d5980000)
  object space 521728K, 34% used [0x0000000080c00000,0x000000008b976ba0,0x00000000a0980000)
 Metaspace       used 44152K, capacity 44696K, committed 45016K, reserved 1089536K
  class space    used 5731K, capacity 5845K, committed 5888K, reserved 1048576K
Event: 5336.512 GC heap after
Heap after GC invocations=470 (full 6):
 PSYoungGen      total 612352K, used 608K [0x00000000d5980000, 0x00000000fbd00000, 0x0000000100000000)
  eden space 598016K, 0% used [0x00000000d5980000,0x00000000d5980000,0x00000000fa180000)
  from space 14336K, 4% used [0x00000000faf00000,0x00000000faf98000,0x00000000fbd00000)
  to   space 13824K, 0% used [0x00000000fa180000,0x00000000fa180000,0x00000000faf00000)
 ParOldGen       total 521728K, used 177626K [0x0000000080c00000, 0x00000000a0980000, 0x00000000d5980000)
  object space 521728K, 34% used [0x0000000080c00000,0x000000008b976ba0,0x00000000a0980000)
 Metaspace       used 44152K, capacity 44696K, committed 45016K, reserved 1089536K
  class space    used 5731K, capacity 5845K, committed 5888K, reserved 1048576K
}
Event: 5356.635 GC heap before
{Heap before GC invocations=471 (full 6):
 PSYoungGen      total 612352K, used 598624K [0x00000000d5980000, 0x00000000fbd00000, 0x0000000100000000)
  eden space 598016K, 100% used [0x00000000d5980000,0x00000000fa180000,0x00000000fa180000)
  from space 14336K, 4% used [0x00000000faf00000,0x00000000faf98000,0x00000000fbd00000)
  to   space 13824K, 0% used [0x00000000fa180000,0x00000000fa180000,0x00000000faf00000)
 ParOldGen       total 521728K, used 177626K [0x0000000080c00000, 0x00000000a0980000, 0x00000000d5980000)
  object space 521728K, 34% used [0x0000000080c00000,0x000000008b976ba0,0x00000000a0980000)
 Metaspace       used 44152K, capacity 44696K, committed 45016K, reserved 1089536K
  class space    used 5731K, capacity 5845K, committed 5888K, reserved 1048576K
Event: 5356.644 GC heap after
Heap after GC invocations=471 (full 6):
 PSYoungGen      total 611840K, used 448K [0x00000000d5980000, 0x00000000fbf00000, 0x0000000100000000)
  eden space 598016K, 0% used [0x00000000d5980000,0x00000000d5980000,0x00000000fa180000)
  from space 13824K, 3% used [0x00000000fa180000,0x00000000fa1f0000,0x00000000faf00000)
  to   space 12800K, 0% used [0x00000000fb280000,0x00000000fb280000,0x00000000fbf00000)
 ParOldGen       total 521728K, used 177634K [0x0000000080c00000, 0x00000000a0980000, 0x00000000d5980000)
  object space 521728K, 34% used [0x0000000080c00000,0x000000008b978ba0,0x00000000a0980000)
 Metaspace       used 44152K, capacity 44696K, committed 45016K, reserved 1089536K
  class space    used 5731K, capacity 5845K, committed 5888K, reserved 1048576K
}
Event: 5379.752 GC heap before
{Heap before GC invocations=472 (full 6):
 PSYoungGen      total 611840K, used 598464K [0x00000000d5980000, 0x00000000fbf00000, 0x0000000100000000)
  eden space 598016K, 100% used [0x00000000d5980000,0x00000000fa180000,0x00000000fa180000)
  from space 13824K, 3% used [0x00000000fa180000,0x00000000fa1f0000,0x00000000faf00000)
  to   space 12800K, 0% used [0x00000000fb280000,0x00000000fb280000,0x00000000fbf00000)
 ParOldGen       total 521728K, used 177634K [0x0000000080c00000, 0x00000000a0980000, 0x00000000d5980000)
  object space 521728K, 34% used [0x0000000080c00000,0x000000008b978ba0,0x00000000a0980000)
 Metaspace       used 44152K, capacity 44696K, committed 45016K, reserved 1089536K
  class space    used 5731K, capacity 5845K, committed 5888K, reserved 1048576K
Event: 5379.755 GC heap after
Heap after GC invocations=472 (full 6):
 PSYoungGen      total 612352K, used 480K [0x00000000d5980000, 0x00000000fbc80000, 0x0000000100000000)
  eden space 602112K, 0% used [0x00000000d5980000,0x00000000d5980000,0x00000000fa580000)
  from space 10240K, 4% used [0x00000000fb280000,0x00000000fb2f8000,0x00000000fbc80000)
  to   space 11776K, 0% used [0x00000000fa580000,0x00000000fa580000,0x00000000fb100000)
 ParOldGen       total 521728K, used 177634K [0x0000000080c00000, 0x00000000a0980000, 0x00000000d5980000)
  object space 521728K, 34% used [0x0000000080c00000,0x000000008b978ba0,0x00000000a0980000)
 Metaspace       used 44152K, capacity 44696K, committed 45016K, reserved 1089536K
  class space    used 5731K, capacity 5845K, committed 5888K, reserved 1048576K
}
Event: 5401.564 GC heap before
{Heap before GC invocations=473 (full 6):
 PSYoungGen      total 612352K, used 602592K [0x00000000d5980000, 0x00000000fbc80000, 0x0000000100000000)
  eden space 602112K, 100% used [0x00000000d5980000,0x00000000fa580000,0x00000000fa580000)
  from space 10240K, 4% used [0x00000000fb280000,0x00000000fb2f8000,0x00000000fbc80000)
  to   space 11776K, 0% used [0x00000000fa580000,0x00000000fa580000,0x00000000fb100000)
 ParOldGen       total 521728K, used 177634K [0x0000000080c00000, 0x00000000a0980000, 0x00000000d5980000)
  object space 521728K, 34% used [0x0000000080c00000,0x000000008b978ba0,0x00000000a0980000)
 Metaspace       used 44152K, capacity 44696K, committed 45016K, reserved 1089536K
  class space    used 5731K, capacity 5845K, committed 5888K, reserved 1048576K
Event: 5401.567 GC heap after
Heap after GC invocations=473 (full 6):
 PSYoungGen      total 613888K, used 960K [0x00000000d5980000, 0x00000000fbe00000, 0x0000000100000000)
  eden space 602112K, 0% used [0x00000000d5980000,0x00000000d5980000,0x00000000fa580000)
  from space 11776K, 8% used [0x00000000fa580000,0x00000000fa670000,0x00000000fb100000)
  to   space 10752K, 0% used [0x00000000fb380000,0x00000000fb380000,0x00000000fbe00000)
 ParOldGen       total 521728K, used 177634K [0x0000000080c00000, 0x00000000a0980000, 0x00000000d5980000)
  object space 521728K, 34% used [0x0000000080c00000,0x000000008b978ba0,0x00000000a0980000)
 Metaspace       used 44152K, capacity 44696K, committed 45016K, reserved 1089536K
  class space    used 5731K, capacity 5845K, committed 5888K, reserved 1048576K
}

