# JRE version: Java(TM) SE Runtime Environment (8.0_144-b01) (build 1.8.0_144-b01)
# Java VM: Java HotSpot(TM) 64-Bit Server VM (25.144-b01 mixed mode windows-amd64 compressed oops)
Heap:
 PSYoungGen      total 683008K, used 499141K [0x00000000d5980000, 0x0000000100000000, 0x0000000100000000)
  eden space 672256K, 73% used [0x00000000d5980000,0x00000000f3ca9728,0x00000000fea00000)
  from space 10752K, 40% used [0x00000000fea00000,0x00000000fee48000,0x00000000ff480000)
  to   space 10752K, 0% used [0x00000000ff580000,0x00000000ff580000,0x0000000100000000)
 ParOldGen       total 450048K, used 348552K [0x0000000080c00000, 0x000000009c380000, 0x00000000d5980000)
  object space 450048K, 77% used [0x0000000080c00000,0x0000000096062050,0x000000009c380000)
 Metaspace       used 44017K, capacity 44700K, committed 44760K, reserved 1087488K
  class space    used 5745K, capacity 5883K, committed 5888K, reserved 1048576K
GC Heap History (10 events):
Event: 697.809 GC heap before
{Heap before GC invocations=129 (full 4):
 PSYoungGen      total 681472K, used 673184K [0x00000000d5980000, 0x00000000fff00000, 0x0000000100000000)
  eden space 670208K, 100% used [0x00000000d5980000,0x00000000fe800000,0x00000000fe800000)
  from space 11264K, 26% used [0x00000000ff400000,0x00000000ff6e8020,0x00000000fff00000)
  to   space 11776K, 0% used [0x00000000fe800000,0x00000000fe800000,0x00000000ff380000)
 ParOldGen       total 450048K, used 348504K [0x0000000080c00000, 0x000000009c380000, 0x00000000d5980000)
  object space 450048K, 77% used [0x0000000080c00000,0x0000000096056050,0x000000009c380000)
 Metaspace       used 44017K, capacity 44700K, committed 44760K, reserved 1087488K
  class space    used 5745K, capacity 5883K, committed 5888K, reserved 1048576K
Event: 697.818 GC heap after
Heap after GC invocations=129 (full 4):
 PSYoungGen      total 681984K, used 5936K [0x00000000d5980000, 0x00000000fff80000, 0x0000000100000000)
  eden space 670208K, 0% used [0x00000000d5980000,0x00000000d5980000,0x00000000fe800000)
  from space 11776K, 50% used [0x00000000fe800000,0x00000000fedcc030,0x00000000ff380000)
  to   space 11264K, 0% used [0x00000000ff480000,0x00000000ff480000,0x00000000fff80000)
 ParOldGen       total 450048K, used 348512K [0x0000000080c00000, 0x000000009c380000, 0x00000000d5980000)
  object space 450048K, 77% used [0x0000000080c00000,0x0000000096058050,0x000000009c380000)
 Metaspace       used 44017K, capacity 44700K, committed 44760K, reserved 1087488K
  class space    used 5745K, capacity 5883K, committed 5888K, reserved 1048576K
}
Event: 699.320 GC heap before
{Heap before GC invocations=130 (full 4):
 PSYoungGen      total 681984K, used 676144K [0x00000000d5980000, 0x00000000fff80000, 0x0000000100000000)
  eden space 670208K, 100% used [0x00000000d5980000,0x00000000fe800000,0x00000000fe800000)
  from space 11776K, 50% used [0x00000000fe800000,0x00000000fedcc030,0x00000000ff380000)
  to   space 11264K, 0% used [0x00000000ff480000,0x00000000ff480000,0x00000000fff80000)
 ParOldGen       total 450048K, used 348512K [0x0000000080c00000, 0x000000009c380000, 0x00000000d5980000)
  object space 450048K, 77% used [0x0000000080c00000,0x0000000096058050,0x000000009c380000)
 Metaspace       used 44017K, capacity 44700K, committed 44760K, reserved 1087488K
  class space    used 5745K, capacity 5883K, committed 5888K, reserved 1048576K
Event: 699.326 GC heap after
Heap after GC invocations=130 (full 4):
 PSYoungGen      total 683008K, used 3456K [0x00000000d5980000, 0x00000000fff80000, 0x0000000100000000)
  eden space 671744K, 0% used [0x00000000d5980000,0x00000000d5980000,0x00000000fe980000)
  from space 11264K, 30% used [0x00000000ff480000,0x00000000ff7e0000,0x00000000fff80000)
  to   space 11264K, 0% used [0x00000000fe980000,0x00000000fe980000,0x00000000ff480000)
 ParOldGen       total 450048K, used 348520K [0x0000000080c00000, 0x000000009c380000, 0x00000000d5980000)
  object space 450048K, 77% used [0x0000000080c00000,0x000000009605a050,0x000000009c380000)
 Metaspace       used 44017K, capacity 44700K, committed 44760K, reserved 1087488K
  class space    used 5745K, capacity 5883K, committed 5888K, reserved 1048576K
}
Event: 701.371 GC heap before
{Heap before GC invocations=131 (full 4):
 PSYoungGen      total 683008K, used 675200K [0x00000000d5980000, 0x00000000fff80000, 0x0000000100000000)
  eden space 671744K, 100% used [0x00000000d5980000,0x00000000fe980000,0x00000000fe980000)
  from space 11264K, 30% used [0x00000000ff480000,0x00000000ff7e0000,0x00000000fff80000)
  to   space 11264K, 0% used [0x00000000fe980000,0x00000000fe980000,0x00000000ff480000)
 ParOldGen       total 450048K, used 348520K [0x0000000080c00000, 0x000000009c380000, 0x00000000d5980000)
  object space 450048K, 77% used [0x0000000080c00000,0x000000009605a050,0x000000009c380000)
 Metaspace       used 44017K, capacity 44700K, committed 44760K, reserved 1087488K
  class space    used 5745K, capacity 5883K, committed 5888K, reserved 1048576K
Event: 701.437 GC heap after
Heap after GC invocations=131 (full 4):
 PSYoungGen      total 683008K, used 4736K [0x00000000d5980000, 0x00000000fff00000, 0x0000000100000000)
  eden space 671744K, 0% used [0x00000000d5980000,0x00000000d5980000,0x00000000fe980000)
  from space 11264K, 42% used [0x00000000fe980000,0x00000000fee20020,0x00000000ff480000)
  to   space 10752K, 0% used [0x00000000ff480000,0x00000000ff480000,0x00000000fff00000)
 ParOldGen       total 450048K, used 348528K [0x0000000080c00000, 0x000000009c380000, 0x00000000d5980000)
  object space 450048K, 77% used [0x0000000080c00000,0x000000009605c050,0x000000009c380000)
 Metaspace       used 44017K, capacity 44700K, committed 44760K, reserved 1087488K
  class space    used 5745K, capacity 5883K, committed 5888K, reserved 1048576K
}
Event: 703.657 GC heap before
{Heap before GC invocations=132 (full 4):
 PSYoungGen      total 683008K, used 676480K [0x00000000d5980000, 0x00000000fff00000, 0x0000000100000000)
  eden space 671744K, 100% used [0x00000000d5980000,0x00000000fe980000,0x00000000fe980000)
  from space 11264K, 42% used [0x00000000fe980000,0x00000000fee20020,0x00000000ff480000)
  to   space 10752K, 0% used [0x00000000ff480000,0x00000000ff480000,0x00000000fff00000)
 ParOldGen       total 450048K, used 348528K [0x0000000080c00000, 0x000000009c380000, 0x00000000d5980000)
  object space 450048K, 77% used [0x0000000080c00000,0x000000009605c050,0x000000009c380000)
 Metaspace       used 44017K, capacity 44700K, committed 44760K, reserved 1087488K
  class space    used 5745K, capacity 5883K, committed 5888K, reserved 1048576K
Event: 703.667 GC heap after
Heap after GC invocations=132 (full 4):
 PSYoungGen      total 683008K, used 7056K [0x00000000d5980000, 0x00000000fff80000, 0x0000000100000000)
  eden space 672256K, 0% used [0x00000000d5980000,0x00000000d5980000,0x00000000fea00000)
  from space 10752K, 65% used [0x00000000ff480000,0x00000000ffb64030,0x00000000fff00000)
  to   space 10752K, 0% used [0x00000000fea00000,0x00000000fea00000,0x00000000ff480000)
 ParOldGen       total 450048K, used 348544K [0x0000000080c00000, 0x000000009c380000, 0x00000000d5980000)
  object space 450048K, 77% used [0x0000000080c00000,0x0000000096060050,0x000000009c380000)
 Metaspace       used 44017K, capacity 44700K, committed 44760K, reserved 1087488K
  class space    used 5745K, capacity 5883K, committed 5888K, reserved 1048576K
}
Event: 705.381 GC heap before
{Heap before GC invocations=133 (full 4):
 PSYoungGen      total 683008K, used 679312K [0x00000000d5980000, 0x00000000fff80000, 0x0000000100000000)
  eden space 672256K, 100% used [0x00000000d5980000,0x00000000fea00000,0x00000000fea00000)
  from space 10752K, 65% used [0x00000000ff480000,0x00000000ffb64030,0x00000000fff00000)
  to   space 10752K, 0% used [0x00000000fea00000,0x00000000fea00000,0x00000000ff480000)
 ParOldGen       total 450048K, used 348544K [0x0000000080c00000, 0x000000009c380000, 0x00000000d5980000)
  object space 450048K, 77% used [0x0000000080c00000,0x0000000096060050,0x000000009c380000)
 Metaspace       used 44017K, capacity 44700K, committed 44760K, reserved 1087488K
  class space    used 5745K, capacity 5883K, committed 5888K, reserved 1048576K
Event: 705.434 GC heap after
Heap after GC invocations=133 (full 4):
 PSYoungGen      total 683008K, used 4384K [0x00000000d5980000, 0x0000000100000000, 0x0000000100000000)
  eden space 672256K, 0% used [0x00000000d5980000,0x00000000d5980000,0x00000000fea00000)
  from space 10752K, 40% used [0x00000000fea00000,0x00000000fee48000,0x00000000ff480000)
  to   space 10752K, 0% used [0x00000000ff580000,0x00000000ff580000,0x0000000100000000)
 ParOldGen       total 450048K, used 348552K [0x0000000080c00000, 0x000000009c380000, 0x00000000d5980000)
  object space 450048K, 77% used [0x0000000080c00000,0x0000000096062050,0x000000009c380000)
 Metaspace       used 44017K, capacity 44700K, committed 44760K, reserved 1087488K
  class space    used 5745K, capacity 5883K, committed 5888K, reserved 1048576K
}

